DEBUG:root:This message should go to the log file
INFO:root:So should this
WARNING:root:And this, too
ERROR:root:And non-ASCII stuff, too, like Øresund and Malmö
WARNING:opentelemetry.exporter.otlp.proto.grpc.exporter:Transient error StatusCode.UNAVAILABLE encountered while exporting traces to localhost:4317, retrying in 1s.
WARNING:opentelemetry.exporter.otlp.proto.grpc.exporter:Transient error StatusCode.UNAVAILABLE encountered while exporting traces to localhost:4317, retrying in 2s.
WARNING:opentelemetry.exporter.otlp.proto.grpc.exporter:Transient error StatusCode.UNAVAILABLE encountered while exporting traces to localhost:4317, retrying in 4s.
WARNING:opentelemetry.exporter.otlp.proto.grpc.exporter:Transient error StatusCode.UNAVAILABLE encountered while exporting traces to localhost:4317, retrying in 8s.
WARNING:opentelemetry.exporter.otlp.proto.grpc.exporter:Transient error StatusCode.UNAVAILABLE encountered while exporting traces to localhost:4317, retrying in 16s.
WARNING:opentelemetry.exporter.otlp.proto.grpc.exporter:Transient error StatusCode.UNAVAILABLE encountered while exporting traces to localhost:4317, retrying in 32s.
DEBUG:root:This message should go to the log file
INFO:root:So should this
WARNING:root:And this, too
ERROR:root:And non-ASCII stuff, too, like Øresund and Malmö
WARNING:opentelemetry.exporter.otlp.proto.grpc.exporter:Transient error StatusCode.UNAVAILABLE encountered while exporting traces to localhost:4317, retrying in 1s.
WARNING:opentelemetry.exporter.otlp.proto.grpc.exporter:Transient error StatusCode.UNAVAILABLE encountered while exporting traces to localhost:4317, retrying in 2s.
WARNING:opentelemetry.exporter.otlp.proto.grpc.exporter:Transient error StatusCode.UNAVAILABLE encountered while exporting traces to localhost:4317, retrying in 4s.
WARNING:opentelemetry.exporter.otlp.proto.grpc.exporter:Transient error StatusCode.UNAVAILABLE encountered while exporting traces to localhost:4317, retrying in 8s.
WARNING:opentelemetry.exporter.otlp.proto.grpc.exporter:Transient error StatusCode.UNAVAILABLE encountered while exporting traces to localhost:4317, retrying in 16s.
WARNING:opentelemetry.exporter.otlp.proto.grpc.exporter:Transient error StatusCode.UNAVAILABLE encountered while exporting traces to localhost:4317, retrying in 32s.
DEBUG:root:This message should go to the log file
INFO:root:So should this
WARNING:root:And this, too
ERROR:root:And non-ASCII stuff, too, like Øresund and Malmö
INFO:pypdl.downloader:AsyncFileDownloader session started
INFO:pypdl.downloader:Download Summary:
INFO:pypdl.downloader:AsyncFileDownloader session started
INFO:pypdl.downloader:Download Summary:
INFO:pypdl.downloader:  Successful downloads: 0
INFO:pypdl.downloader:  Failed downloads: 0
INFO:pypdl.downloader:  Total bytes downloaded: 0 bytes
INFO:pypdl.downloader:  Total duration: 0.00 seconds
INFO:pypdl.downloader:  Average download speed: 0.00 MB/s
INFO:pypdl.downloader:AsyncFileDownloader session ended
INFO:pypdl.downloader:AsyncFileDownloader session started
INFO:pypdl.downloader:Successfully downloaded: a41b7dbc236887bfa5dbdc9b3753ba06_Perizia.pdf (763997 bytes)
INFO:pypdl.downloader:Download Summary:
INFO:pypdl.downloader:  Successful downloads: 1
INFO:pypdl.downloader:  Failed downloads: 0
INFO:pypdl.downloader:  Total bytes downloaded: 763,997 bytes
INFO:pypdl.downloader:  Total duration: 0.89 seconds
INFO:pypdl.downloader:  Average download speed: 0.82 MB/s
INFO:pypdl.downloader:AsyncFileDownloader session ended
WARNING:opentelemetry.exporter.otlp.proto.grpc.exporter:Transient error StatusCode.UNAVAILABLE encountered while exporting traces to localhost:4317, retrying in 1s.
WARNING:opentelemetry.exporter.otlp.proto.grpc.exporter:Transient error StatusCode.UNAVAILABLE encountered while exporting traces to localhost:4317, retrying in 2s.
WARNING:opentelemetry.exporter.otlp.proto.grpc.exporter:Transient error StatusCode.UNAVAILABLE encountered while exporting traces to localhost:4317, retrying in 4s.
WARNING:opentelemetry.exporter.otlp.proto.grpc.exporter:Transient error StatusCode.UNAVAILABLE encountered while exporting traces to localhost:4317, retrying in 8s.
WARNING:opentelemetry.exporter.otlp.proto.grpc.exporter:Transient error StatusCode.UNAVAILABLE encountered while exporting traces to localhost:4317, retrying in 16s.
WARNING:opentelemetry.exporter.otlp.proto.grpc.exporter:Transient error StatusCode.UNAVAILABLE encountered while exporting metrics to localhost:4317, retrying in 1s.
WARNING:opentelemetry.exporter.otlp.proto.grpc.exporter:Transient error StatusCode.UNAVAILABLE encountered while exporting metrics to localhost:4317, retrying in 2s.
WARNING:opentelemetry.exporter.otlp.proto.grpc.exporter:Transient error StatusCode.UNAVAILABLE encountered while exporting traces to localhost:4317, retrying in 32s.
WARNING:opentelemetry.exporter.otlp.proto.grpc.exporter:Transient error StatusCode.UNAVAILABLE encountered while exporting metrics to localhost:4317, retrying in 4s.
WARNING:opentelemetry.exporter.otlp.proto.grpc.exporter:Transient error StatusCode.UNAVAILABLE encountered while exporting metrics to localhost:4317, retrying in 8s.
WARNING:opentelemetry.exporter.otlp.proto.grpc.exporter:Transient error StatusCode.UNAVAILABLE encountered while exporting metrics to localhost:4317, retrying in 16s.
WARNING:opentelemetry.exporter.otlp.proto.grpc.exporter:Transient error StatusCode.UNAVAILABLE encountered while exporting metrics to localhost:4317, retrying in 32s.
WARNING:opentelemetry.exporter.otlp.proto.grpc.exporter:Transient error StatusCode.UNAVAILABLE encountered while exporting metrics to localhost:4317, retrying in 1s.
WARNING:opentelemetry.exporter.otlp.proto.grpc.exporter:Transient error StatusCode.UNAVAILABLE encountered while exporting metrics to localhost:4317, retrying in 2s.
WARNING:opentelemetry.exporter.otlp.proto.grpc.exporter:Transient error StatusCode.UNAVAILABLE encountered while exporting metrics to localhost:4317, retrying in 4s.
WARNING:opentelemetry.exporter.otlp.proto.grpc.exporter:Transient error StatusCode.UNAVAILABLE encountered while exporting metrics to localhost:4317, retrying in 8s.
WARNING:opentelemetry.exporter.otlp.proto.grpc.exporter:Transient error StatusCode.UNAVAILABLE encountered while exporting metrics to localhost:4317, retrying in 16s.
WARNING:opentelemetry.exporter.otlp.proto.grpc.exporter:Transient error StatusCode.UNAVAILABLE encountered while exporting metrics to localhost:4317, retrying in 32s.
INFO:pypdl.downloader:AsyncFileDownloader session started
INFO:pypdl.downloader:Starting download of 10 files
INFO:pypdl.downloader:Download Summary:
INFO:pypdl.downloader:  Successful downloads: 0
INFO:pypdl.downloader:  Failed downloads: 0
INFO:pypdl.downloader:  Total bytes downloaded: 0 bytes
INFO:pypdl.downloader:  Total duration: 0.01 seconds
INFO:pypdl.downloader:  Average download speed: 0.00 MB/s
INFO:pypdl.downloader:AsyncFileDownloader session ended
WARNING:opentelemetry.exporter.otlp.proto.grpc.exporter:Transient error StatusCode.UNAVAILABLE encountered while exporting traces to localhost:4317, retrying in 1s.
WARNING:opentelemetry.exporter.otlp.proto.grpc.exporter:Transient error StatusCode.UNAVAILABLE encountered while exporting traces to localhost:4317, retrying in 2s.
WARNING:opentelemetry.exporter.otlp.proto.grpc.exporter:Transient error StatusCode.UNAVAILABLE encountered while exporting traces to localhost:4317, retrying in 4s.
WARNING:opentelemetry.exporter.otlp.proto.grpc.exporter:Transient error StatusCode.UNAVAILABLE encountered while exporting traces to localhost:4317, retrying in 8s.
WARNING:opentelemetry.exporter.otlp.proto.grpc.exporter:Transient error StatusCode.UNAVAILABLE encountered while exporting traces to localhost:4317, retrying in 16s.
WARNING:opentelemetry.exporter.otlp.proto.grpc.exporter:Transient error StatusCode.UNAVAILABLE encountered while exporting traces to localhost:4317, retrying in 32s.
WARNING:opentelemetry.exporter.otlp.proto.grpc.exporter:Transient error StatusCode.UNAVAILABLE encountered while exporting metrics to localhost:4317, retrying in 1s.
WARNING:opentelemetry.exporter.otlp.proto.grpc.exporter:Transient error StatusCode.UNAVAILABLE encountered while exporting metrics to localhost:4317, retrying in 2s.
WARNING:opentelemetry.exporter.otlp.proto.grpc.exporter:Transient error StatusCode.UNAVAILABLE encountered while exporting metrics to localhost:4317, retrying in 4s.
WARNING:opentelemetry.exporter.otlp.proto.grpc.exporter:Transient error StatusCode.UNAVAILABLE encountered while exporting metrics to localhost:4317, retrying in 8s.
WARNING:opentelemetry.exporter.otlp.proto.grpc.exporter:Transient error StatusCode.UNAVAILABLE encountered while exporting metrics to localhost:4317, retrying in 16s.
WARNING:opentelemetry.exporter.otlp.proto.grpc.exporter:Transient error StatusCode.UNAVAILABLE encountered while exporting metrics to localhost:4317, retrying in 32s.
INFO:pypdl.downloader:AsyncFileDownloader session started
INFO:pypdl.downloader:Starting download of 10 files
INFO:pypdl.downloader:File already exists: a41b7dbc236887bfa5dbdc9b3753ba06_Perizia.pdf
INFO:pypdl.downloader:Successfully downloaded: aaed91b06080992332224a50322a4f50_AVVISO DI VENDITA 156-2010 (2).pdf (49399 bytes)
INFO:pypdl.downloader:Successfully downloaded: 731ec833d19c5da77db8fcd0f6eaa11c_Ordinanza vendita.pdf (307404 bytes)
INFO:pypdl.downloader:Successfully downloaded: a050fec57cfc821d05c177ee5dcf7186_Avviso di vendita.pdf (561501 bytes)
INFO:pypdl.downloader:Successfully downloaded: 3d9097364adea86354b68978dd1e30a2_PERIZIA 156-2010_compressed (1)_Redacted.pdf (6503410 bytes)
WARNING:opentelemetry.exporter.otlp.proto.grpc.exporter:Transient error StatusCode.UNAVAILABLE encountered while exporting traces to localhost:4317, retrying in 1s.
WARNING:opentelemetry.exporter.otlp.proto.grpc.exporter:Transient error StatusCode.UNAVAILABLE encountered while exporting traces to localhost:4317, retrying in 2s.
INFO:pypdl.downloader:Successfully downloaded: 7877a98d096d26084603ad95a113231e_DELEGA 156-2010.pdf (9654169 bytes)
WARNING:opentelemetry.exporter.otlp.proto.grpc.exporter:Transient error StatusCode.UNAVAILABLE encountered while exporting traces to localhost:4317, retrying in 4s.
WARNING:opentelemetry.exporter.otlp.proto.grpc.exporter:Transient error StatusCode.UNAVAILABLE encountered while exporting traces to localhost:4317, retrying in 8s.
INFO:pypdl.downloader:Successfully downloaded: c9c1ace24c79cc45a08dae157ae97942_avviso vendita telematica firmato pb.pdf (836215 bytes)
WARNING:opentelemetry.exporter.otlp.proto.grpc.exporter:Transient error StatusCode.UNAVAILABLE encountered while exporting traces to localhost:4317, retrying in 16s.
INFO:pypdl.downloader:Successfully downloaded: e44c1691b5cd0517de1b0a8ea7abac9c_Ordinanza - PVP.pdf (227995 bytes)
WARNING:opentelemetry.exporter.otlp.proto.grpc.exporter:Transient error StatusCode.UNAVAILABLE encountered while exporting traces to localhost:4317, retrying in 32s.
INFO:pypdl.downloader:Successfully downloaded: 0ba46672a21274730f7dd368dbf73837_Perizia - PVP.pdf (133386 bytes)
WARNING:opentelemetry.exporter.otlp.proto.grpc.exporter:Transient error StatusCode.UNAVAILABLE encountered while exporting metrics to localhost:4317, retrying in 1s.
WARNING:opentelemetry.exporter.otlp.proto.grpc.exporter:Transient error StatusCode.UNAVAILABLE encountered while exporting metrics to localhost:4317, retrying in 2s.
INFO:pypdl.downloader:Successfully downloaded: 4576fe45480abdc627f87bda921b3815_Lotto 1 foto + planimetria.pdf (9007294 bytes)
WARNING:opentelemetry.exporter.otlp.proto.grpc.exporter:Transient error StatusCode.UNAVAILABLE encountered while exporting metrics to localhost:4317, retrying in 4s.
WARNING:opentelemetry.exporter.otlp.proto.grpc.exporter:Transient error StatusCode.UNAVAILABLE encountered while exporting metrics to localhost:4317, retrying in 8s.
WARNING:opentelemetry.exporter.otlp.proto.grpc.exporter:Transient error StatusCode.UNAVAILABLE encountered while exporting metrics to localhost:4317, retrying in 16s.
WARNING:opentelemetry.exporter.otlp.proto.grpc.exporter:Transient error StatusCode.UNAVAILABLE encountered while exporting traces to localhost:4317, retrying in 1s.
WARNING:opentelemetry.exporter.otlp.proto.grpc.exporter:Transient error StatusCode.UNAVAILABLE encountered while exporting traces to localhost:4317, retrying in 2s.
WARNING:opentelemetry.exporter.otlp.proto.grpc.exporter:Transient error StatusCode.UNAVAILABLE encountered while exporting traces to localhost:4317, retrying in 4s.
WARNING:opentelemetry.exporter.otlp.proto.grpc.exporter:Transient error StatusCode.UNAVAILABLE encountered while exporting traces to localhost:4317, retrying in 8s.
WARNING:opentelemetry.exporter.otlp.proto.grpc.exporter:Transient error StatusCode.UNAVAILABLE encountered while exporting traces to localhost:4317, retrying in 16s.
WARNING:opentelemetry.exporter.otlp.proto.grpc.exporter:Transient error StatusCode.UNAVAILABLE encountered while exporting metrics to localhost:4317, retrying in 32s.
WARNING:opentelemetry.exporter.otlp.proto.grpc.exporter:Transient error StatusCode.UNAVAILABLE encountered while exporting traces to localhost:4317, retrying in 32s.
WARNING:opentelemetry.exporter.otlp.proto.grpc.exporter:Transient error StatusCode.UNAVAILABLE encountered while exporting metrics to localhost:4317, retrying in 1s.
WARNING:opentelemetry.exporter.otlp.proto.grpc.exporter:Transient error StatusCode.UNAVAILABLE encountered while exporting metrics to localhost:4317, retrying in 2s.
WARNING:opentelemetry.exporter.otlp.proto.grpc.exporter:Transient error StatusCode.UNAVAILABLE encountered while exporting metrics to localhost:4317, retrying in 4s.
WARNING:opentelemetry.exporter.otlp.proto.grpc.exporter:Transient error StatusCode.UNAVAILABLE encountered while exporting metrics to localhost:4317, retrying in 8s.
WARNING:opentelemetry.exporter.otlp.proto.grpc.exporter:Transient error StatusCode.UNAVAILABLE encountered while exporting metrics to localhost:4317, retrying in 16s.
INFO:pypdl.downloader:Download Summary:
INFO:pypdl.downloader:  Successful downloads: 10
INFO:pypdl.downloader:  Failed downloads: 0
INFO:pypdl.downloader:  Total bytes downloaded: 27,280,773 bytes
INFO:pypdl.downloader:  Total duration: 191.62 seconds
INFO:pypdl.downloader:  Average download speed: 0.14 MB/s
INFO:pypdl.downloader:AsyncFileDownloader session ended
WARNING:opentelemetry.exporter.otlp.proto.grpc.exporter:Transient error StatusCode.UNAVAILABLE encountered while exporting traces to localhost:4317, retrying in 1s.
WARNING:opentelemetry.exporter.otlp.proto.grpc.exporter:Transient error StatusCode.UNAVAILABLE encountered while exporting traces to localhost:4317, retrying in 2s.
WARNING:opentelemetry.exporter.otlp.proto.grpc.exporter:Transient error StatusCode.UNAVAILABLE encountered while exporting traces to localhost:4317, retrying in 4s.
WARNING:opentelemetry.exporter.otlp.proto.grpc.exporter:Transient error StatusCode.UNAVAILABLE encountered while exporting traces to localhost:4317, retrying in 8s.
WARNING:opentelemetry.exporter.otlp.proto.grpc.exporter:Transient error StatusCode.UNAVAILABLE encountered while exporting metrics to localhost:4317, retrying in 32s.
WARNING:opentelemetry.exporter.otlp.proto.grpc.exporter:Transient error StatusCode.UNAVAILABLE encountered while exporting traces to localhost:4317, retrying in 16s.
WARNING:opentelemetry.exporter.otlp.proto.grpc.exporter:Transient error StatusCode.UNAVAILABLE encountered while exporting traces to localhost:4317, retrying in 32s.
WARNING:opentelemetry.exporter.otlp.proto.grpc.exporter:Transient error StatusCode.UNAVAILABLE encountered while exporting metrics to localhost:4317, retrying in 1s.
WARNING:opentelemetry.exporter.otlp.proto.grpc.exporter:Transient error StatusCode.UNAVAILABLE encountered while exporting metrics to localhost:4317, retrying in 2s.
WARNING:opentelemetry.exporter.otlp.proto.grpc.exporter:Transient error StatusCode.UNAVAILABLE encountered while exporting metrics to localhost:4317, retrying in 4s.
WARNING:opentelemetry.exporter.otlp.proto.grpc.exporter:Transient error StatusCode.UNAVAILABLE encountered while exporting metrics to localhost:4317, retrying in 8s.
WARNING:opentelemetry.exporter.otlp.proto.grpc.exporter:Transient error StatusCode.UNAVAILABLE encountered while exporting metrics to localhost:4317, retrying in 16s.
WARNING:opentelemetry.exporter.otlp.proto.grpc.exporter:Transient error StatusCode.UNAVAILABLE encountered while exporting metrics to localhost:4317, retrying in 32s.
WARNING:opentelemetry.exporter.otlp.proto.grpc.exporter:Transient error StatusCode.UNAVAILABLE encountered while exporting metrics to localhost:4317, retrying in 1s.
WARNING:opentelemetry.exporter.otlp.proto.grpc.exporter:Transient error StatusCode.UNAVAILABLE encountered while exporting metrics to localhost:4317, retrying in 2s.
WARNING:opentelemetry.exporter.otlp.proto.grpc.exporter:Transient error StatusCode.UNAVAILABLE encountered while exporting metrics to localhost:4317, retrying in 4s.
WARNING:opentelemetry.exporter.otlp.proto.grpc.exporter:Transient error StatusCode.UNAVAILABLE encountered while exporting metrics to localhost:4317, retrying in 8s.
WARNING:opentelemetry.exporter.otlp.proto.grpc.exporter:Transient error StatusCode.UNAVAILABLE encountered while exporting metrics to localhost:4317, retrying in 16s.
WARNING:opentelemetry.exporter.otlp.proto.grpc.exporter:Transient error StatusCode.UNAVAILABLE encountered while exporting metrics to localhost:4317, retrying in 32s.
WARNING:opentelemetry.exporter.otlp.proto.grpc.exporter:Transient error StatusCode.UNAVAILABLE encountered while exporting metrics to localhost:4317, retrying in 1s.
WARNING:opentelemetry.exporter.otlp.proto.grpc.exporter:Transient error StatusCode.UNAVAILABLE encountered while exporting metrics to localhost:4317, retrying in 2s.
WARNING:opentelemetry.exporter.otlp.proto.grpc.exporter:Transient error StatusCode.UNAVAILABLE encountered while exporting metrics to localhost:4317, retrying in 4s.
WARNING:opentelemetry.exporter.otlp.proto.grpc.exporter:Transient error StatusCode.UNAVAILABLE encountered while exporting metrics to localhost:4317, retrying in 8s.
WARNING:opentelemetry.exporter.otlp.proto.grpc.exporter:Transient error StatusCode.UNAVAILABLE encountered while exporting metrics to localhost:4317, retrying in 16s.
WARNING:opentelemetry.exporter.otlp.proto.grpc.exporter:Transient error StatusCode.UNAVAILABLE encountered while exporting metrics to localhost:4317, retrying in 32s.
WARNING:opentelemetry.exporter.otlp.proto.grpc.exporter:Transient error StatusCode.UNAVAILABLE encountered while exporting metrics to localhost:4317, retrying in 1s.
WARNING:opentelemetry.exporter.otlp.proto.grpc.exporter:Transient error StatusCode.UNAVAILABLE encountered while exporting metrics to localhost:4317, retrying in 2s.
WARNING:opentelemetry.exporter.otlp.proto.grpc.exporter:Transient error StatusCode.UNAVAILABLE encountered while exporting metrics to localhost:4317, retrying in 4s.
WARNING:opentelemetry.exporter.otlp.proto.grpc.exporter:Transient error StatusCode.UNAVAILABLE encountered while exporting metrics to localhost:4317, retrying in 8s.
WARNING:opentelemetry.exporter.otlp.proto.grpc.exporter:Transient error StatusCode.UNAVAILABLE encountered while exporting metrics to localhost:4317, retrying in 16s.
WARNING:opentelemetry.exporter.otlp.proto.grpc.exporter:Transient error StatusCode.UNAVAILABLE encountered while exporting metrics to localhost:4317, retrying in 32s.
WARNING:opentelemetry.exporter.otlp.proto.grpc.exporter:Transient error StatusCode.UNAVAILABLE encountered while exporting metrics to localhost:4317, retrying in 1s.
WARNING:opentelemetry.exporter.otlp.proto.grpc.exporter:Transient error StatusCode.UNAVAILABLE encountered while exporting metrics to localhost:4317, retrying in 2s.
WARNING:opentelemetry.exporter.otlp.proto.grpc.exporter:Transient error StatusCode.UNAVAILABLE encountered while exporting metrics to localhost:4317, retrying in 4s.
WARNING:opentelemetry.exporter.otlp.proto.grpc.exporter:Transient error StatusCode.UNAVAILABLE encountered while exporting metrics to localhost:4317, retrying in 8s.
WARNING:opentelemetry.exporter.otlp.proto.grpc.exporter:Transient error StatusCode.UNAVAILABLE encountered while exporting metrics to localhost:4317, retrying in 16s.
WARNING:opentelemetry.exporter.otlp.proto.grpc.exporter:Transient error StatusCode.UNAVAILABLE encountered while exporting metrics to localhost:4317, retrying in 32s.
WARNING:opentelemetry.exporter.otlp.proto.grpc.exporter:Transient error StatusCode.UNAVAILABLE encountered while exporting metrics to localhost:4317, retrying in 1s.
WARNING:opentelemetry.exporter.otlp.proto.grpc.exporter:Transient error StatusCode.UNAVAILABLE encountered while exporting metrics to localhost:4317, retrying in 2s.
WARNING:opentelemetry.exporter.otlp.proto.grpc.exporter:Transient error StatusCode.UNAVAILABLE encountered while exporting metrics to localhost:4317, retrying in 4s.
WARNING:opentelemetry.exporter.otlp.proto.grpc.exporter:Transient error StatusCode.UNAVAILABLE encountered while exporting metrics to localhost:4317, retrying in 8s.
WARNING:opentelemetry.exporter.otlp.proto.grpc.exporter:Transient error StatusCode.UNAVAILABLE encountered while exporting metrics to localhost:4317, retrying in 16s.
WARNING:opentelemetry.exporter.otlp.proto.grpc.exporter:Transient error StatusCode.UNAVAILABLE encountered while exporting metrics to localhost:4317, retrying in 32s.
WARNING:opentelemetry.exporter.otlp.proto.grpc.exporter:Transient error StatusCode.UNAVAILABLE encountered while exporting metrics to localhost:4317, retrying in 1s.
WARNING:opentelemetry.exporter.otlp.proto.grpc.exporter:Transient error StatusCode.UNAVAILABLE encountered while exporting metrics to localhost:4317, retrying in 2s.
WARNING:opentelemetry.exporter.otlp.proto.grpc.exporter:Transient error StatusCode.UNAVAILABLE encountered while exporting metrics to localhost:4317, retrying in 4s.
WARNING:opentelemetry.exporter.otlp.proto.grpc.exporter:Transient error StatusCode.UNAVAILABLE encountered while exporting metrics to localhost:4317, retrying in 8s.
WARNING:opentelemetry.exporter.otlp.proto.grpc.exporter:Transient error StatusCode.UNAVAILABLE encountered while exporting metrics to localhost:4317, retrying in 16s.
WARNING:opentelemetry.exporter.otlp.proto.grpc.exporter:Transient error StatusCode.UNAVAILABLE encountered while exporting metrics to localhost:4317, retrying in 32s.
WARNING:opentelemetry.exporter.otlp.proto.grpc.exporter:Transient error StatusCode.UNAVAILABLE encountered while exporting metrics to localhost:4317, retrying in 1s.
WARNING:opentelemetry.exporter.otlp.proto.grpc.exporter:Transient error StatusCode.UNAVAILABLE encountered while exporting metrics to localhost:4317, retrying in 2s.
WARNING:opentelemetry.exporter.otlp.proto.grpc.exporter:Transient error StatusCode.UNAVAILABLE encountered while exporting metrics to localhost:4317, retrying in 4s.
WARNING:opentelemetry.exporter.otlp.proto.grpc.exporter:Transient error StatusCode.UNAVAILABLE encountered while exporting metrics to localhost:4317, retrying in 8s.
WARNING:opentelemetry.exporter.otlp.proto.grpc.exporter:Transient error StatusCode.UNAVAILABLE encountered while exporting metrics to localhost:4317, retrying in 16s.
WARNING:opentelemetry.exporter.otlp.proto.grpc.exporter:Transient error StatusCode.UNAVAILABLE encountered while exporting metrics to localhost:4317, retrying in 32s.
WARNING:opentelemetry.exporter.otlp.proto.grpc.exporter:Transient error StatusCode.UNAVAILABLE encountered while exporting metrics to localhost:4317, retrying in 1s.
WARNING:opentelemetry.exporter.otlp.proto.grpc.exporter:Transient error StatusCode.UNAVAILABLE encountered while exporting metrics to localhost:4317, retrying in 2s.
WARNING:opentelemetry.exporter.otlp.proto.grpc.exporter:Transient error StatusCode.UNAVAILABLE encountered while exporting metrics to localhost:4317, retrying in 4s.
WARNING:opentelemetry.exporter.otlp.proto.grpc.exporter:Transient error StatusCode.UNAVAILABLE encountered while exporting metrics to localhost:4317, retrying in 8s.
WARNING:opentelemetry.exporter.otlp.proto.grpc.exporter:Transient error StatusCode.UNAVAILABLE encountered while exporting metrics to localhost:4317, retrying in 16s.
WARNING:opentelemetry.exporter.otlp.proto.grpc.exporter:Transient error StatusCode.UNAVAILABLE encountered while exporting metrics to localhost:4317, retrying in 32s.
WARNING:opentelemetry.exporter.otlp.proto.grpc.exporter:Transient error StatusCode.UNAVAILABLE encountered while exporting metrics to localhost:4317, retrying in 1s.
WARNING:opentelemetry.exporter.otlp.proto.grpc.exporter:Transient error StatusCode.UNAVAILABLE encountered while exporting metrics to localhost:4317, retrying in 2s.
WARNING:opentelemetry.exporter.otlp.proto.grpc.exporter:Transient error StatusCode.UNAVAILABLE encountered while exporting metrics to localhost:4317, retrying in 4s.
WARNING:opentelemetry.exporter.otlp.proto.grpc.exporter:Transient error StatusCode.UNAVAILABLE encountered while exporting metrics to localhost:4317, retrying in 8s.
WARNING:opentelemetry.exporter.otlp.proto.grpc.exporter:Transient error StatusCode.UNAVAILABLE encountered while exporting metrics to localhost:4317, retrying in 16s.
WARNING:opentelemetry.exporter.otlp.proto.grpc.exporter:Transient error StatusCode.UNAVAILABLE encountered while exporting metrics to localhost:4317, retrying in 32s.
WARNING:opentelemetry.exporter.otlp.proto.grpc.exporter:Transient error StatusCode.UNAVAILABLE encountered while exporting metrics to localhost:4317, retrying in 1s.
WARNING:opentelemetry.exporter.otlp.proto.grpc.exporter:Transient error StatusCode.UNAVAILABLE encountered while exporting metrics to localhost:4317, retrying in 2s.
WARNING:opentelemetry.exporter.otlp.proto.grpc.exporter:Transient error StatusCode.UNAVAILABLE encountered while exporting metrics to localhost:4317, retrying in 4s.
WARNING:opentelemetry.exporter.otlp.proto.grpc.exporter:Transient error StatusCode.UNAVAILABLE encountered while exporting metrics to localhost:4317, retrying in 8s.
WARNING:opentelemetry.exporter.otlp.proto.grpc.exporter:Transient error StatusCode.UNAVAILABLE encountered while exporting metrics to localhost:4317, retrying in 16s.
WARNING:opentelemetry.exporter.otlp.proto.grpc.exporter:Transient error StatusCode.UNAVAILABLE encountered while exporting metrics to localhost:4317, retrying in 32s.
WARNING:opentelemetry.exporter.otlp.proto.grpc.exporter:Transient error StatusCode.UNAVAILABLE encountered while exporting metrics to localhost:4317, retrying in 1s.
WARNING:opentelemetry.exporter.otlp.proto.grpc.exporter:Transient error StatusCode.UNAVAILABLE encountered while exporting metrics to localhost:4317, retrying in 2s.
WARNING:opentelemetry.exporter.otlp.proto.grpc.exporter:Transient error StatusCode.UNAVAILABLE encountered while exporting metrics to localhost:4317, retrying in 4s.
WARNING:opentelemetry.exporter.otlp.proto.grpc.exporter:Transient error StatusCode.UNAVAILABLE encountered while exporting metrics to localhost:4317, retrying in 8s.
WARNING:opentelemetry.exporter.otlp.proto.grpc.exporter:Transient error StatusCode.UNAVAILABLE encountered while exporting metrics to localhost:4317, retrying in 16s.
WARNING:opentelemetry.exporter.otlp.proto.grpc.exporter:Transient error StatusCode.UNAVAILABLE encountered while exporting metrics to localhost:4317, retrying in 32s.
WARNING:opentelemetry.exporter.otlp.proto.grpc.exporter:Transient error StatusCode.UNAVAILABLE encountered while exporting metrics to localhost:4317, retrying in 1s.
WARNING:opentelemetry.exporter.otlp.proto.grpc.exporter:Transient error StatusCode.UNAVAILABLE encountered while exporting metrics to localhost:4317, retrying in 2s.
WARNING:opentelemetry.exporter.otlp.proto.grpc.exporter:Transient error StatusCode.UNAVAILABLE encountered while exporting metrics to localhost:4317, retrying in 4s.
WARNING:opentelemetry.exporter.otlp.proto.grpc.exporter:Transient error StatusCode.UNAVAILABLE encountered while exporting metrics to localhost:4317, retrying in 8s.
WARNING:opentelemetry.exporter.otlp.proto.grpc.exporter:Transient error StatusCode.UNAVAILABLE encountered while exporting metrics to localhost:4317, retrying in 16s.
WARNING:opentelemetry.exporter.otlp.proto.grpc.exporter:Transient error StatusCode.UNAVAILABLE encountered while exporting metrics to localhost:4317, retrying in 32s.
WARNING:opentelemetry.exporter.otlp.proto.grpc.exporter:Transient error StatusCode.UNAVAILABLE encountered while exporting metrics to localhost:4317, retrying in 1s.
WARNING:opentelemetry.exporter.otlp.proto.grpc.exporter:Transient error StatusCode.UNAVAILABLE encountered while exporting metrics to localhost:4317, retrying in 2s.
WARNING:opentelemetry.exporter.otlp.proto.grpc.exporter:Transient error StatusCode.UNAVAILABLE encountered while exporting metrics to localhost:4317, retrying in 4s.
WARNING:opentelemetry.exporter.otlp.proto.grpc.exporter:Transient error StatusCode.UNAVAILABLE encountered while exporting metrics to localhost:4317, retrying in 8s.
WARNING:opentelemetry.exporter.otlp.proto.grpc.exporter:Transient error StatusCode.UNAVAILABLE encountered while exporting metrics to localhost:4317, retrying in 16s.
WARNING:opentelemetry.exporter.otlp.proto.grpc.exporter:Transient error StatusCode.UNAVAILABLE encountered while exporting metrics to localhost:4317, retrying in 32s.
WARNING:opentelemetry.exporter.otlp.proto.grpc.exporter:Transient error StatusCode.UNAVAILABLE encountered while exporting metrics to localhost:4317, retrying in 1s.
WARNING:opentelemetry.exporter.otlp.proto.grpc.exporter:Transient error StatusCode.UNAVAILABLE encountered while exporting metrics to localhost:4317, retrying in 2s.
WARNING:opentelemetry.exporter.otlp.proto.grpc.exporter:Transient error StatusCode.UNAVAILABLE encountered while exporting metrics to localhost:4317, retrying in 4s.
WARNING:opentelemetry.exporter.otlp.proto.grpc.exporter:Transient error StatusCode.UNAVAILABLE encountered while exporting metrics to localhost:4317, retrying in 8s.
WARNING:opentelemetry.exporter.otlp.proto.grpc.exporter:Transient error StatusCode.UNAVAILABLE encountered while exporting metrics to localhost:4317, retrying in 16s.
WARNING:opentelemetry.exporter.otlp.proto.grpc.exporter:Transient error StatusCode.UNAVAILABLE encountered while exporting metrics to localhost:4317, retrying in 32s.
WARNING:opentelemetry.exporter.otlp.proto.grpc.exporter:Transient error StatusCode.UNAVAILABLE encountered while exporting metrics to localhost:4317, retrying in 1s.
WARNING:opentelemetry.exporter.otlp.proto.grpc.exporter:Transient error StatusCode.UNAVAILABLE encountered while exporting metrics to localhost:4317, retrying in 2s.
WARNING:opentelemetry.exporter.otlp.proto.grpc.exporter:Transient error StatusCode.UNAVAILABLE encountered while exporting metrics to localhost:4317, retrying in 4s.
WARNING:opentelemetry.exporter.otlp.proto.grpc.exporter:Transient error StatusCode.UNAVAILABLE encountered while exporting metrics to localhost:4317, retrying in 8s.
WARNING:opentelemetry.exporter.otlp.proto.grpc.exporter:Transient error StatusCode.UNAVAILABLE encountered while exporting metrics to localhost:4317, retrying in 16s.
WARNING:opentelemetry.exporter.otlp.proto.grpc.exporter:Transient error StatusCode.UNAVAILABLE encountered while exporting metrics to localhost:4317, retrying in 32s.
WARNING:opentelemetry.exporter.otlp.proto.grpc.exporter:Transient error StatusCode.UNAVAILABLE encountered while exporting metrics to localhost:4317, retrying in 1s.
WARNING:opentelemetry.exporter.otlp.proto.grpc.exporter:Transient error StatusCode.UNAVAILABLE encountered while exporting metrics to localhost:4317, retrying in 2s.
WARNING:opentelemetry.exporter.otlp.proto.grpc.exporter:Transient error StatusCode.UNAVAILABLE encountered while exporting metrics to localhost:4317, retrying in 4s.
WARNING:opentelemetry.exporter.otlp.proto.grpc.exporter:Transient error StatusCode.UNAVAILABLE encountered while exporting metrics to localhost:4317, retrying in 8s.
WARNING:opentelemetry.exporter.otlp.proto.grpc.exporter:Transient error StatusCode.UNAVAILABLE encountered while exporting metrics to localhost:4317, retrying in 16s.
WARNING:opentelemetry.exporter.otlp.proto.grpc.exporter:Transient error StatusCode.UNAVAILABLE encountered while exporting metrics to localhost:4317, retrying in 32s.
WARNING:opentelemetry.exporter.otlp.proto.grpc.exporter:Transient error StatusCode.UNAVAILABLE encountered while exporting metrics to localhost:4317, retrying in 1s.
WARNING:opentelemetry.exporter.otlp.proto.grpc.exporter:Transient error StatusCode.UNAVAILABLE encountered while exporting metrics to localhost:4317, retrying in 2s.
WARNING:opentelemetry.exporter.otlp.proto.grpc.exporter:Transient error StatusCode.UNAVAILABLE encountered while exporting metrics to localhost:4317, retrying in 4s.
WARNING:opentelemetry.exporter.otlp.proto.grpc.exporter:Transient error StatusCode.UNAVAILABLE encountered while exporting metrics to localhost:4317, retrying in 8s.
WARNING:opentelemetry.exporter.otlp.proto.grpc.exporter:Transient error StatusCode.UNAVAILABLE encountered while exporting metrics to localhost:4317, retrying in 16s.
WARNING:opentelemetry.exporter.otlp.proto.grpc.exporter:Transient error StatusCode.UNAVAILABLE encountered while exporting metrics to localhost:4317, retrying in 32s.
WARNING:opentelemetry.exporter.otlp.proto.grpc.exporter:Transient error StatusCode.UNAVAILABLE encountered while exporting metrics to localhost:4317, retrying in 1s.
WARNING:opentelemetry.exporter.otlp.proto.grpc.exporter:Transient error StatusCode.UNAVAILABLE encountered while exporting metrics to localhost:4317, retrying in 2s.
WARNING:opentelemetry.exporter.otlp.proto.grpc.exporter:Transient error StatusCode.UNAVAILABLE encountered while exporting metrics to localhost:4317, retrying in 4s.
WARNING:opentelemetry.exporter.otlp.proto.grpc.exporter:Transient error StatusCode.UNAVAILABLE encountered while exporting metrics to localhost:4317, retrying in 8s.
WARNING:opentelemetry.exporter.otlp.proto.grpc.exporter:Transient error StatusCode.UNAVAILABLE encountered while exporting metrics to localhost:4317, retrying in 16s.
WARNING:opentelemetry.exporter.otlp.proto.grpc.exporter:Transient error StatusCode.UNAVAILABLE encountered while exporting metrics to localhost:4317, retrying in 32s.
WARNING:opentelemetry.exporter.otlp.proto.grpc.exporter:Transient error StatusCode.UNAVAILABLE encountered while exporting metrics to localhost:4317, retrying in 1s.
WARNING:opentelemetry.exporter.otlp.proto.grpc.exporter:Transient error StatusCode.UNAVAILABLE encountered while exporting metrics to localhost:4317, retrying in 2s.
WARNING:opentelemetry.exporter.otlp.proto.grpc.exporter:Transient error StatusCode.UNAVAILABLE encountered while exporting metrics to localhost:4317, retrying in 4s.
WARNING:opentelemetry.exporter.otlp.proto.grpc.exporter:Transient error StatusCode.UNAVAILABLE encountered while exporting metrics to localhost:4317, retrying in 8s.
WARNING:opentelemetry.exporter.otlp.proto.grpc.exporter:Transient error StatusCode.UNAVAILABLE encountered while exporting metrics to localhost:4317, retrying in 16s.
DEBUG:Comm:handle_msg[a91852a5-ab58-4c1b-b7c4-268948c3b26f]({'header': {'date': datetime.datetime(2024, 10, 18, 13, 6, 14, 607000, tzinfo=tzutc()), 'msg_id': 'e6057ef5-486f-44c8-a827-eeb6cf8c8636', 'msg_type': 'comm_msg', 'session': '629595fa-4450-4ae0-a848-acb95d8489ad', 'username': '', 'version': '5.2'}, 'msg_id': 'e6057ef5-486f-44c8-a827-eeb6cf8c8636', 'msg_type': 'comm_msg', 'parent_header': {}, 'metadata': {}, 'content': {'comm_id': 'a91852a5-ab58-4c1b-b7c4-268948c3b26f', 'data': {'method': 'request_states'}}, 'buffers': []})
DEBUG:Comm:handle_close[a91852a5-ab58-4c1b-b7c4-268948c3b26f]({'header': {'date': datetime.datetime(2024, 10, 18, 13, 6, 14, 667000, tzinfo=tzutc()), 'msg_id': 'ca68158e-134c-44f5-ae08-8483645327c9', 'msg_type': 'comm_close', 'session': '629595fa-4450-4ae0-a848-acb95d8489ad', 'username': '', 'version': '5.2'}, 'msg_id': 'ca68158e-134c-44f5-ae08-8483645327c9', 'msg_type': 'comm_close', 'parent_header': {}, 'metadata': {}, 'content': {'comm_id': 'a91852a5-ab58-4c1b-b7c4-268948c3b26f', 'data': {}}, 'buffers': []})
WARNING:opentelemetry.exporter.otlp.proto.grpc.exporter:Transient error StatusCode.UNAVAILABLE encountered while exporting metrics to localhost:4317, retrying in 32s.
WARNING:opentelemetry.exporter.otlp.proto.grpc.exporter:Transient error StatusCode.UNAVAILABLE encountered while exporting metrics to localhost:4317, retrying in 1s.
WARNING:opentelemetry.exporter.otlp.proto.grpc.exporter:Transient error StatusCode.UNAVAILABLE encountered while exporting metrics to localhost:4317, retrying in 2s.
WARNING:opentelemetry.exporter.otlp.proto.grpc.exporter:Transient error StatusCode.UNAVAILABLE encountered while exporting metrics to localhost:4317, retrying in 4s.
WARNING:opentelemetry.exporter.otlp.proto.grpc.exporter:Transient error StatusCode.UNAVAILABLE encountered while exporting metrics to localhost:4317, retrying in 8s.
WARNING:opentelemetry.exporter.otlp.proto.grpc.exporter:Transient error StatusCode.UNAVAILABLE encountered while exporting metrics to localhost:4317, retrying in 16s.
WARNING:opentelemetry.exporter.otlp.proto.grpc.exporter:Transient error StatusCode.UNAVAILABLE encountered while exporting metrics to localhost:4317, retrying in 32s.
WARNING:opentelemetry.exporter.otlp.proto.grpc.exporter:Transient error StatusCode.UNAVAILABLE encountered while exporting metrics to localhost:4317, retrying in 1s.
WARNING:opentelemetry.exporter.otlp.proto.grpc.exporter:Transient error StatusCode.UNAVAILABLE encountered while exporting metrics to localhost:4317, retrying in 2s.
WARNING:opentelemetry.exporter.otlp.proto.grpc.exporter:Transient error StatusCode.UNAVAILABLE encountered while exporting metrics to localhost:4317, retrying in 4s.
WARNING:opentelemetry.exporter.otlp.proto.grpc.exporter:Transient error StatusCode.UNAVAILABLE encountered while exporting metrics to localhost:4317, retrying in 8s.
WARNING:opentelemetry.exporter.otlp.proto.grpc.exporter:Transient error StatusCode.UNAVAILABLE encountered while exporting metrics to localhost:4317, retrying in 16s.
WARNING:opentelemetry.exporter.otlp.proto.grpc.exporter:Transient error StatusCode.UNAVAILABLE encountered while exporting metrics to localhost:4317, retrying in 32s.
WARNING:opentelemetry.exporter.otlp.proto.grpc.exporter:Transient error StatusCode.UNAVAILABLE encountered while exporting metrics to localhost:4317, retrying in 1s.
WARNING:opentelemetry.exporter.otlp.proto.grpc.exporter:Transient error StatusCode.UNAVAILABLE encountered while exporting metrics to localhost:4317, retrying in 2s.
WARNING:opentelemetry.exporter.otlp.proto.grpc.exporter:Transient error StatusCode.UNAVAILABLE encountered while exporting metrics to localhost:4317, retrying in 4s.
WARNING:opentelemetry.exporter.otlp.proto.grpc.exporter:Transient error StatusCode.UNAVAILABLE encountered while exporting metrics to localhost:4317, retrying in 8s.
WARNING:opentelemetry.exporter.otlp.proto.grpc.exporter:Transient error StatusCode.UNAVAILABLE encountered while exporting metrics to localhost:4317, retrying in 16s.
WARNING:opentelemetry.exporter.otlp.proto.grpc.exporter:Transient error StatusCode.UNAVAILABLE encountered while exporting metrics to localhost:4317, retrying in 32s.
WARNING:opentelemetry.exporter.otlp.proto.grpc.exporter:Transient error StatusCode.UNAVAILABLE encountered while exporting metrics to localhost:4317, retrying in 1s.
WARNING:opentelemetry.exporter.otlp.proto.grpc.exporter:Transient error StatusCode.UNAVAILABLE encountered while exporting metrics to localhost:4317, retrying in 2s.
WARNING:opentelemetry.exporter.otlp.proto.grpc.exporter:Transient error StatusCode.UNAVAILABLE encountered while exporting metrics to localhost:4317, retrying in 4s.
WARNING:opentelemetry.exporter.otlp.proto.grpc.exporter:Transient error StatusCode.UNAVAILABLE encountered while exporting metrics to localhost:4317, retrying in 8s.
WARNING:opentelemetry.exporter.otlp.proto.grpc.exporter:Transient error StatusCode.UNAVAILABLE encountered while exporting metrics to localhost:4317, retrying in 16s.
WARNING:opentelemetry.exporter.otlp.proto.grpc.exporter:Transient error StatusCode.UNAVAILABLE encountered while exporting metrics to localhost:4317, retrying in 32s.
WARNING:opentelemetry.exporter.otlp.proto.grpc.exporter:Transient error StatusCode.UNAVAILABLE encountered while exporting metrics to localhost:4317, retrying in 1s.
WARNING:opentelemetry.exporter.otlp.proto.grpc.exporter:Transient error StatusCode.UNAVAILABLE encountered while exporting metrics to localhost:4317, retrying in 2s.
WARNING:opentelemetry.exporter.otlp.proto.grpc.exporter:Transient error StatusCode.UNAVAILABLE encountered while exporting metrics to localhost:4317, retrying in 4s.
WARNING:opentelemetry.exporter.otlp.proto.grpc.exporter:Transient error StatusCode.UNAVAILABLE encountered while exporting metrics to localhost:4317, retrying in 8s.
WARNING:opentelemetry.exporter.otlp.proto.grpc.exporter:Transient error StatusCode.UNAVAILABLE encountered while exporting metrics to localhost:4317, retrying in 16s.
WARNING:opentelemetry.exporter.otlp.proto.grpc.exporter:Transient error StatusCode.UNAVAILABLE encountered while exporting metrics to localhost:4317, retrying in 32s.
WARNING:opentelemetry.exporter.otlp.proto.grpc.exporter:Transient error StatusCode.UNAVAILABLE encountered while exporting metrics to localhost:4317, retrying in 1s.
WARNING:opentelemetry.exporter.otlp.proto.grpc.exporter:Transient error StatusCode.UNAVAILABLE encountered while exporting metrics to localhost:4317, retrying in 2s.
WARNING:opentelemetry.exporter.otlp.proto.grpc.exporter:Transient error StatusCode.UNAVAILABLE encountered while exporting metrics to localhost:4317, retrying in 4s.
WARNING:opentelemetry.exporter.otlp.proto.grpc.exporter:Transient error StatusCode.UNAVAILABLE encountered while exporting metrics to localhost:4317, retrying in 8s.
WARNING:opentelemetry.exporter.otlp.proto.grpc.exporter:Transient error StatusCode.UNAVAILABLE encountered while exporting metrics to localhost:4317, retrying in 16s.
WARNING:opentelemetry.exporter.otlp.proto.grpc.exporter:Transient error StatusCode.UNAVAILABLE encountered while exporting metrics to localhost:4317, retrying in 32s.
WARNING:opentelemetry.exporter.otlp.proto.grpc.exporter:Transient error StatusCode.UNAVAILABLE encountered while exporting metrics to localhost:4317, retrying in 1s.
WARNING:opentelemetry.exporter.otlp.proto.grpc.exporter:Transient error StatusCode.UNAVAILABLE encountered while exporting metrics to localhost:4317, retrying in 2s.
WARNING:opentelemetry.exporter.otlp.proto.grpc.exporter:Transient error StatusCode.UNAVAILABLE encountered while exporting metrics to localhost:4317, retrying in 4s.
WARNING:opentelemetry.exporter.otlp.proto.grpc.exporter:Transient error StatusCode.UNAVAILABLE encountered while exporting metrics to localhost:4317, retrying in 8s.
WARNING:opentelemetry.exporter.otlp.proto.grpc.exporter:Transient error StatusCode.UNAVAILABLE encountered while exporting metrics to localhost:4317, retrying in 16s.
WARNING:opentelemetry.exporter.otlp.proto.grpc.exporter:Transient error StatusCode.UNAVAILABLE encountered while exporting metrics to localhost:4317, retrying in 32s.
WARNING:opentelemetry.exporter.otlp.proto.grpc.exporter:Transient error StatusCode.UNAVAILABLE encountered while exporting metrics to localhost:4317, retrying in 1s.
WARNING:opentelemetry.exporter.otlp.proto.grpc.exporter:Transient error StatusCode.UNAVAILABLE encountered while exporting metrics to localhost:4317, retrying in 2s.
WARNING:opentelemetry.exporter.otlp.proto.grpc.exporter:Transient error StatusCode.UNAVAILABLE encountered while exporting metrics to localhost:4317, retrying in 4s.
WARNING:opentelemetry.exporter.otlp.proto.grpc.exporter:Transient error StatusCode.UNAVAILABLE encountered while exporting metrics to localhost:4317, retrying in 8s.
WARNING:opentelemetry.exporter.otlp.proto.grpc.exporter:Transient error StatusCode.UNAVAILABLE encountered while exporting metrics to localhost:4317, retrying in 16s.
WARNING:opentelemetry.exporter.otlp.proto.grpc.exporter:Transient error StatusCode.UNAVAILABLE encountered while exporting metrics to localhost:4317, retrying in 32s.
WARNING:opentelemetry.exporter.otlp.proto.grpc.exporter:Transient error StatusCode.UNAVAILABLE encountered while exporting metrics to localhost:4317, retrying in 1s.
WARNING:opentelemetry.exporter.otlp.proto.grpc.exporter:Transient error StatusCode.UNAVAILABLE encountered while exporting metrics to localhost:4317, retrying in 2s.
WARNING:opentelemetry.exporter.otlp.proto.grpc.exporter:Transient error StatusCode.UNAVAILABLE encountered while exporting metrics to localhost:4317, retrying in 4s.
WARNING:opentelemetry.exporter.otlp.proto.grpc.exporter:Transient error StatusCode.UNAVAILABLE encountered while exporting metrics to localhost:4317, retrying in 8s.
WARNING:opentelemetry.exporter.otlp.proto.grpc.exporter:Transient error StatusCode.UNAVAILABLE encountered while exporting metrics to localhost:4317, retrying in 16s.
WARNING:opentelemetry.exporter.otlp.proto.grpc.exporter:Transient error StatusCode.UNAVAILABLE encountered while exporting metrics to localhost:4317, retrying in 32s.
WARNING:opentelemetry.exporter.otlp.proto.grpc.exporter:Transient error StatusCode.UNAVAILABLE encountered while exporting metrics to localhost:4317, retrying in 1s.
WARNING:opentelemetry.exporter.otlp.proto.grpc.exporter:Transient error StatusCode.UNAVAILABLE encountered while exporting metrics to localhost:4317, retrying in 2s.
WARNING:opentelemetry.exporter.otlp.proto.grpc.exporter:Transient error StatusCode.UNAVAILABLE encountered while exporting metrics to localhost:4317, retrying in 4s.
WARNING:opentelemetry.exporter.otlp.proto.grpc.exporter:Transient error StatusCode.UNAVAILABLE encountered while exporting metrics to localhost:4317, retrying in 8s.
WARNING:opentelemetry.exporter.otlp.proto.grpc.exporter:Transient error StatusCode.UNAVAILABLE encountered while exporting metrics to localhost:4317, retrying in 16s.
WARNING:opentelemetry.exporter.otlp.proto.grpc.exporter:Transient error StatusCode.UNAVAILABLE encountered while exporting metrics to localhost:4317, retrying in 32s.
WARNING:opentelemetry.exporter.otlp.proto.grpc.exporter:Transient error StatusCode.UNAVAILABLE encountered while exporting metrics to localhost:4317, retrying in 1s.
WARNING:opentelemetry.exporter.otlp.proto.grpc.exporter:Transient error StatusCode.UNAVAILABLE encountered while exporting metrics to localhost:4317, retrying in 2s.
WARNING:opentelemetry.exporter.otlp.proto.grpc.exporter:Transient error StatusCode.UNAVAILABLE encountered while exporting metrics to localhost:4317, retrying in 4s.
WARNING:opentelemetry.exporter.otlp.proto.grpc.exporter:Transient error StatusCode.UNAVAILABLE encountered while exporting metrics to localhost:4317, retrying in 8s.
WARNING:opentelemetry.exporter.otlp.proto.grpc.exporter:Transient error StatusCode.UNAVAILABLE encountered while exporting metrics to localhost:4317, retrying in 16s.
WARNING:opentelemetry.exporter.otlp.proto.grpc.exporter:Transient error StatusCode.UNAVAILABLE encountered while exporting metrics to localhost:4317, retrying in 32s.
WARNING:opentelemetry.exporter.otlp.proto.grpc.exporter:Transient error StatusCode.UNAVAILABLE encountered while exporting metrics to localhost:4317, retrying in 1s.
WARNING:opentelemetry.exporter.otlp.proto.grpc.exporter:Transient error StatusCode.UNAVAILABLE encountered while exporting metrics to localhost:4317, retrying in 2s.
WARNING:opentelemetry.exporter.otlp.proto.grpc.exporter:Transient error StatusCode.UNAVAILABLE encountered while exporting metrics to localhost:4317, retrying in 4s.
WARNING:opentelemetry.exporter.otlp.proto.grpc.exporter:Transient error StatusCode.UNAVAILABLE encountered while exporting metrics to localhost:4317, retrying in 8s.
WARNING:opentelemetry.exporter.otlp.proto.grpc.exporter:Transient error StatusCode.UNAVAILABLE encountered while exporting metrics to localhost:4317, retrying in 16s.
WARNING:opentelemetry.exporter.otlp.proto.grpc.exporter:Transient error StatusCode.UNAVAILABLE encountered while exporting metrics to localhost:4317, retrying in 32s.
WARNING:opentelemetry.exporter.otlp.proto.grpc.exporter:Transient error StatusCode.UNAVAILABLE encountered while exporting metrics to localhost:4317, retrying in 1s.
WARNING:opentelemetry.exporter.otlp.proto.grpc.exporter:Transient error StatusCode.UNAVAILABLE encountered while exporting metrics to localhost:4317, retrying in 2s.
WARNING:opentelemetry.exporter.otlp.proto.grpc.exporter:Transient error StatusCode.UNAVAILABLE encountered while exporting metrics to localhost:4317, retrying in 4s.
WARNING:opentelemetry.exporter.otlp.proto.grpc.exporter:Transient error StatusCode.UNAVAILABLE encountered while exporting metrics to localhost:4317, retrying in 8s.
WARNING:opentelemetry.exporter.otlp.proto.grpc.exporter:Transient error StatusCode.UNAVAILABLE encountered while exporting metrics to localhost:4317, retrying in 16s.
WARNING:opentelemetry.exporter.otlp.proto.grpc.exporter:Transient error StatusCode.UNAVAILABLE encountered while exporting metrics to localhost:4317, retrying in 32s.
WARNING:opentelemetry.exporter.otlp.proto.grpc.exporter:Transient error StatusCode.UNAVAILABLE encountered while exporting metrics to localhost:4317, retrying in 1s.
WARNING:opentelemetry.exporter.otlp.proto.grpc.exporter:Transient error StatusCode.UNAVAILABLE encountered while exporting metrics to localhost:4317, retrying in 2s.
WARNING:opentelemetry.exporter.otlp.proto.grpc.exporter:Transient error StatusCode.UNAVAILABLE encountered while exporting metrics to localhost:4317, retrying in 4s.
WARNING:opentelemetry.exporter.otlp.proto.grpc.exporter:Transient error StatusCode.UNAVAILABLE encountered while exporting metrics to localhost:4317, retrying in 8s.
WARNING:opentelemetry.exporter.otlp.proto.grpc.exporter:Transient error StatusCode.UNAVAILABLE encountered while exporting metrics to localhost:4317, retrying in 16s.
WARNING:opentelemetry.exporter.otlp.proto.grpc.exporter:Transient error StatusCode.UNAVAILABLE encountered while exporting metrics to localhost:4317, retrying in 32s.
WARNING:opentelemetry.exporter.otlp.proto.grpc.exporter:Transient error StatusCode.UNAVAILABLE encountered while exporting metrics to localhost:4317, retrying in 1s.
WARNING:opentelemetry.exporter.otlp.proto.grpc.exporter:Transient error StatusCode.UNAVAILABLE encountered while exporting metrics to localhost:4317, retrying in 2s.
WARNING:opentelemetry.exporter.otlp.proto.grpc.exporter:Transient error StatusCode.UNAVAILABLE encountered while exporting metrics to localhost:4317, retrying in 4s.
WARNING:opentelemetry.exporter.otlp.proto.grpc.exporter:Transient error StatusCode.UNAVAILABLE encountered while exporting metrics to localhost:4317, retrying in 8s.
WARNING:opentelemetry.exporter.otlp.proto.grpc.exporter:Transient error StatusCode.UNAVAILABLE encountered while exporting metrics to localhost:4317, retrying in 16s.
WARNING:opentelemetry.exporter.otlp.proto.grpc.exporter:Transient error StatusCode.UNAVAILABLE encountered while exporting metrics to localhost:4317, retrying in 32s.
WARNING:opentelemetry.exporter.otlp.proto.grpc.exporter:Transient error StatusCode.UNAVAILABLE encountered while exporting metrics to localhost:4317, retrying in 1s.
WARNING:opentelemetry.exporter.otlp.proto.grpc.exporter:Transient error StatusCode.UNAVAILABLE encountered while exporting metrics to localhost:4317, retrying in 2s.
WARNING:opentelemetry.exporter.otlp.proto.grpc.exporter:Transient error StatusCode.UNAVAILABLE encountered while exporting metrics to localhost:4317, retrying in 4s.
WARNING:opentelemetry.exporter.otlp.proto.grpc.exporter:Transient error StatusCode.UNAVAILABLE encountered while exporting metrics to localhost:4317, retrying in 8s.
WARNING:opentelemetry.exporter.otlp.proto.grpc.exporter:Transient error StatusCode.UNAVAILABLE encountered while exporting metrics to localhost:4317, retrying in 16s.
WARNING:opentelemetry.exporter.otlp.proto.grpc.exporter:Transient error StatusCode.UNAVAILABLE encountered while exporting metrics to localhost:4317, retrying in 32s.
WARNING:opentelemetry.exporter.otlp.proto.grpc.exporter:Transient error StatusCode.UNAVAILABLE encountered while exporting metrics to localhost:4317, retrying in 1s.
WARNING:opentelemetry.exporter.otlp.proto.grpc.exporter:Transient error StatusCode.UNAVAILABLE encountered while exporting metrics to localhost:4317, retrying in 2s.
WARNING:opentelemetry.exporter.otlp.proto.grpc.exporter:Transient error StatusCode.UNAVAILABLE encountered while exporting metrics to localhost:4317, retrying in 4s.
WARNING:opentelemetry.exporter.otlp.proto.grpc.exporter:Transient error StatusCode.UNAVAILABLE encountered while exporting metrics to localhost:4317, retrying in 8s.
WARNING:opentelemetry.exporter.otlp.proto.grpc.exporter:Transient error StatusCode.UNAVAILABLE encountered while exporting metrics to localhost:4317, retrying in 16s.
WARNING:opentelemetry.exporter.otlp.proto.grpc.exporter:Transient error StatusCode.UNAVAILABLE encountered while exporting metrics to localhost:4317, retrying in 32s.
WARNING:opentelemetry.exporter.otlp.proto.grpc.exporter:Transient error StatusCode.UNAVAILABLE encountered while exporting metrics to localhost:4317, retrying in 1s.
WARNING:opentelemetry.exporter.otlp.proto.grpc.exporter:Transient error StatusCode.UNAVAILABLE encountered while exporting metrics to localhost:4317, retrying in 2s.
WARNING:opentelemetry.exporter.otlp.proto.grpc.exporter:Transient error StatusCode.UNAVAILABLE encountered while exporting metrics to localhost:4317, retrying in 4s.
WARNING:opentelemetry.exporter.otlp.proto.grpc.exporter:Transient error StatusCode.UNAVAILABLE encountered while exporting metrics to localhost:4317, retrying in 8s.
WARNING:opentelemetry.exporter.otlp.proto.grpc.exporter:Transient error StatusCode.UNAVAILABLE encountered while exporting metrics to localhost:4317, retrying in 16s.
WARNING:opentelemetry.exporter.otlp.proto.grpc.exporter:Transient error StatusCode.UNAVAILABLE encountered while exporting metrics to localhost:4317, retrying in 32s.
WARNING:opentelemetry.exporter.otlp.proto.grpc.exporter:Transient error StatusCode.UNAVAILABLE encountered while exporting metrics to localhost:4317, retrying in 1s.
WARNING:opentelemetry.exporter.otlp.proto.grpc.exporter:Transient error StatusCode.UNAVAILABLE encountered while exporting metrics to localhost:4317, retrying in 2s.
WARNING:opentelemetry.exporter.otlp.proto.grpc.exporter:Transient error StatusCode.UNAVAILABLE encountered while exporting metrics to localhost:4317, retrying in 4s.
WARNING:opentelemetry.exporter.otlp.proto.grpc.exporter:Transient error StatusCode.UNAVAILABLE encountered while exporting metrics to localhost:4317, retrying in 8s.
WARNING:opentelemetry.exporter.otlp.proto.grpc.exporter:Transient error StatusCode.UNAVAILABLE encountered while exporting metrics to localhost:4317, retrying in 16s.
WARNING:opentelemetry.exporter.otlp.proto.grpc.exporter:Transient error StatusCode.UNAVAILABLE encountered while exporting metrics to localhost:4317, retrying in 32s.
WARNING:opentelemetry.exporter.otlp.proto.grpc.exporter:Transient error StatusCode.UNAVAILABLE encountered while exporting metrics to localhost:4317, retrying in 1s.
WARNING:opentelemetry.exporter.otlp.proto.grpc.exporter:Transient error StatusCode.UNAVAILABLE encountered while exporting metrics to localhost:4317, retrying in 2s.
WARNING:opentelemetry.exporter.otlp.proto.grpc.exporter:Transient error StatusCode.UNAVAILABLE encountered while exporting metrics to localhost:4317, retrying in 4s.
WARNING:opentelemetry.exporter.otlp.proto.grpc.exporter:Transient error StatusCode.UNAVAILABLE encountered while exporting metrics to localhost:4317, retrying in 8s.
WARNING:opentelemetry.exporter.otlp.proto.grpc.exporter:Transient error StatusCode.UNAVAILABLE encountered while exporting metrics to localhost:4317, retrying in 16s.
WARNING:opentelemetry.exporter.otlp.proto.grpc.exporter:Transient error StatusCode.UNAVAILABLE encountered while exporting metrics to localhost:4317, retrying in 32s.
WARNING:opentelemetry.exporter.otlp.proto.grpc.exporter:Transient error StatusCode.UNAVAILABLE encountered while exporting metrics to localhost:4317, retrying in 1s.
WARNING:opentelemetry.exporter.otlp.proto.grpc.exporter:Transient error StatusCode.UNAVAILABLE encountered while exporting metrics to localhost:4317, retrying in 2s.
WARNING:opentelemetry.exporter.otlp.proto.grpc.exporter:Transient error StatusCode.UNAVAILABLE encountered while exporting metrics to localhost:4317, retrying in 4s.
WARNING:opentelemetry.exporter.otlp.proto.grpc.exporter:Transient error StatusCode.UNAVAILABLE encountered while exporting metrics to localhost:4317, retrying in 8s.
WARNING:opentelemetry.exporter.otlp.proto.grpc.exporter:Transient error StatusCode.UNAVAILABLE encountered while exporting metrics to localhost:4317, retrying in 16s.
WARNING:opentelemetry.exporter.otlp.proto.grpc.exporter:Transient error StatusCode.UNAVAILABLE encountered while exporting metrics to localhost:4317, retrying in 32s.
WARNING:opentelemetry.exporter.otlp.proto.grpc.exporter:Transient error StatusCode.UNAVAILABLE encountered while exporting metrics to localhost:4317, retrying in 1s.
WARNING:opentelemetry.exporter.otlp.proto.grpc.exporter:Transient error StatusCode.UNAVAILABLE encountered while exporting metrics to localhost:4317, retrying in 2s.
WARNING:opentelemetry.exporter.otlp.proto.grpc.exporter:Transient error StatusCode.UNAVAILABLE encountered while exporting metrics to localhost:4317, retrying in 4s.
WARNING:opentelemetry.exporter.otlp.proto.grpc.exporter:Transient error StatusCode.UNAVAILABLE encountered while exporting metrics to localhost:4317, retrying in 8s.
WARNING:opentelemetry.exporter.otlp.proto.grpc.exporter:Transient error StatusCode.UNAVAILABLE encountered while exporting metrics to localhost:4317, retrying in 16s.
WARNING:opentelemetry.exporter.otlp.proto.grpc.exporter:Transient error StatusCode.UNAVAILABLE encountered while exporting metrics to localhost:4317, retrying in 32s.
WARNING:opentelemetry.exporter.otlp.proto.grpc.exporter:Transient error StatusCode.UNAVAILABLE encountered while exporting metrics to localhost:4317, retrying in 1s.
WARNING:opentelemetry.exporter.otlp.proto.grpc.exporter:Transient error StatusCode.UNAVAILABLE encountered while exporting metrics to localhost:4317, retrying in 2s.
WARNING:opentelemetry.exporter.otlp.proto.grpc.exporter:Transient error StatusCode.UNAVAILABLE encountered while exporting metrics to localhost:4317, retrying in 4s.
WARNING:opentelemetry.exporter.otlp.proto.grpc.exporter:Transient error StatusCode.UNAVAILABLE encountered while exporting metrics to localhost:4317, retrying in 8s.
WARNING:opentelemetry.exporter.otlp.proto.grpc.exporter:Transient error StatusCode.UNAVAILABLE encountered while exporting metrics to localhost:4317, retrying in 16s.
WARNING:opentelemetry.exporter.otlp.proto.grpc.exporter:Transient error StatusCode.UNAVAILABLE encountered while exporting metrics to localhost:4317, retrying in 32s.
WARNING:opentelemetry.exporter.otlp.proto.grpc.exporter:Transient error StatusCode.UNAVAILABLE encountered while exporting metrics to localhost:4317, retrying in 1s.
WARNING:opentelemetry.exporter.otlp.proto.grpc.exporter:Transient error StatusCode.UNAVAILABLE encountered while exporting metrics to localhost:4317, retrying in 2s.
WARNING:opentelemetry.exporter.otlp.proto.grpc.exporter:Transient error StatusCode.UNAVAILABLE encountered while exporting metrics to localhost:4317, retrying in 4s.
WARNING:opentelemetry.exporter.otlp.proto.grpc.exporter:Transient error StatusCode.UNAVAILABLE encountered while exporting metrics to localhost:4317, retrying in 8s.
WARNING:opentelemetry.exporter.otlp.proto.grpc.exporter:Transient error StatusCode.UNAVAILABLE encountered while exporting metrics to localhost:4317, retrying in 16s.
WARNING:opentelemetry.exporter.otlp.proto.grpc.exporter:Transient error StatusCode.UNAVAILABLE encountered while exporting metrics to localhost:4317, retrying in 32s.
WARNING:opentelemetry.exporter.otlp.proto.grpc.exporter:Transient error StatusCode.UNAVAILABLE encountered while exporting metrics to localhost:4317, retrying in 1s.
WARNING:opentelemetry.exporter.otlp.proto.grpc.exporter:Transient error StatusCode.UNAVAILABLE encountered while exporting metrics to localhost:4317, retrying in 2s.
WARNING:opentelemetry.exporter.otlp.proto.grpc.exporter:Transient error StatusCode.UNAVAILABLE encountered while exporting metrics to localhost:4317, retrying in 4s.
WARNING:opentelemetry.exporter.otlp.proto.grpc.exporter:Transient error StatusCode.UNAVAILABLE encountered while exporting metrics to localhost:4317, retrying in 8s.
WARNING:opentelemetry.exporter.otlp.proto.grpc.exporter:Transient error StatusCode.UNAVAILABLE encountered while exporting metrics to localhost:4317, retrying in 16s.
WARNING:opentelemetry.exporter.otlp.proto.grpc.exporter:Transient error StatusCode.UNAVAILABLE encountered while exporting metrics to localhost:4317, retrying in 32s.
